#
# There is insufficient memory for the Java Runtime Environment to continue.
# Native memory allocation (mmap) failed to map 341835776 bytes for committing reserved memory.
# Possible reasons:
#   The system is out of physical RAM or swap space
#   The process is running with CompressedOops enabled, and the Java Heap may be blocking the growth of the native heap
# Possible solutions:
#   Reduce memory load on the system
#   Increase physical memory or swap space
#   Check if swap backing store is full
#   Decrease Java heap size (-Xmx/-Xms)
#   Decrease number of Java threads
#   Decrease Java thread stack sizes (-Xss)
#   Set larger code cache with -XX:ReservedCodeCacheSize=
#   JVM is running with Unscaled Compressed Oops mode in which the Java heap is
#     placed in the first 4GB address space. The Java Heap base address is the
#     maximum limit for the native heap growth. Please use -XX:HeapBaseMinAddress
#     to set the Java Heap base and to place the Java Heap above 4GB virtual address.
# This output file may be truncated or incomplete.
#
#  Out of Memory Error (os_linux.cpp:2893), pid=18392, tid=18399
#
# JRE version: OpenJDK Runtime Environment (11.0.4+11) (build 11.0.4+11-post-Ubuntu-1ubuntu218.04.3)
# Java VM: OpenJDK 64-Bit Server VM (11.0.4+11-post-Ubuntu-1ubuntu218.04.3, mixed mode, sharing, tiered, compressed oops, g1 gc, linux-amd64)
# Core dump will be written. Default location: Core dumps may be processed with "/usr/share/apport/apport %p %s %c %d %P" (or dumping to /home/fatemeh/DAAR/core.18392)
#

---------------  S U M M A R Y ------------

Command Line: Indexing

Host: Intel(R) Core(TM) i7-6500U CPU @ 2.50GHz, 4 cores, 7G, Ubuntu 18.04.3 LTS
Time: Mon Oct  7 23:13:59 2019 CEST elapsed time: 5 seconds (0d 0h 0m 5s)

---------------  T H R E A D  ---------------

Current thread (0x00007fc444105800):  VMThread "VM Thread" [stack: 0x00007fc4240a4000,0x00007fc4241a4000] [id=18399]

Stack: [0x00007fc4240a4000,0x00007fc4241a4000],  sp=0x00007fc4241a1ff0,  free space=1015k
Native frames: (J=compiled Java code, A=aot compiled Java code, j=interpreted, Vv=VM code, C=native code)
V  [libjvm.so+0xde4547]
V  [libjvm.so+0xde519b]
V  [libjvm.so+0x6511a5]
V  [libjvm.so+0xbbed38]
V  [libjvm.so+0xbb5ebd]
V  [libjvm.so+0x76f53f]
V  [libjvm.so+0x76f7ae]
V  [libjvm.so+0x77b820]
V  [libjvm.so+0x7f6969]
V  [libjvm.so+0x7f75c2]
V  [libjvm.so+0x7f7a29]
V  [libjvm.so+0x72de6f]
V  [libjvm.so+0x732b6a]
V  [libjvm.so+0xdf01e1]
V  [libjvm.so+0xdeeda8]
V  [libjvm.so+0xdec5e6]
V  [libjvm.so+0xdecaf0]
V  [libjvm.so+0xdecf23]
V  [libjvm.so+0xd7aeea]
V  [libjvm.so+0xbc4a5e]

VM_Operation (0x00007fc44d79e5e0): G1CollectForAllocation, mode: safepoint, requested by thread 0x00007fc444012000


---------------  P R O C E S S  ---------------

Threads class SMR info:
_java_thread_list=0x00007fc44415f580, length=9, elements={
0x00007fc444012000, 0x00007fc444108800, 0x00007fc444112800, 0x00007fc444118000,
0x00007fc44411a000, 0x00007fc44411c000, 0x00007fc44411e000, 0x00007fc444155800,
0x00007fc44415e000
}

Java Threads: ( => current thread )
  0x00007fc444012000 JavaThread "main" [_thread_blocked, id=18393, stack(0x00007fc44d69f000,0x00007fc44d7a0000)]
  0x00007fc444108800 JavaThread "Reference Handler" daemon [_thread_blocked, id=18400, stack(0x00007fc41deff000,0x00007fc41e000000)]
  0x00007fc444112800 JavaThread "Finalizer" daemon [_thread_blocked, id=18401, stack(0x00007fc41ddfe000,0x00007fc41deff000)]
  0x00007fc444118000 JavaThread "Signal Dispatcher" daemon [_thread_blocked, id=18402, stack(0x00007fc41d673000,0x00007fc41d774000)]
  0x00007fc44411a000 JavaThread "C2 CompilerThread0" daemon [_thread_blocked, id=18403, stack(0x00007fc41d572000,0x00007fc41d673000)]
  0x00007fc44411c000 JavaThread "C1 CompilerThread0" daemon [_thread_blocked, id=18404, stack(0x00007fc41d471000,0x00007fc41d572000)]
  0x00007fc44411e000 JavaThread "Sweeper thread" daemon [_thread_blocked, id=18405, stack(0x00007fc41d370000,0x00007fc41d471000)]
  0x00007fc444155800 JavaThread "Service Thread" daemon [_thread_blocked, id=18406, stack(0x00007fc41d26f000,0x00007fc41d370000)]
  0x00007fc44415e000 JavaThread "Common-Cleaner" daemon [_thread_blocked, id=18408, stack(0x00007fc41d06c000,0x00007fc41d16d000)]

Other Threads:
=>0x00007fc444105800 VMThread "VM Thread" [stack: 0x00007fc4240a4000,0x00007fc4241a4000] [id=18399]
  0x00007fc444158000 WatcherThread [stack: 0x00007fc41d16f000,0x00007fc41d26f000] [id=18407]
  0x00007fc444028800 GCTaskThread "GC Thread#0" [stack: 0x00007fc449698000,0x00007fc449798000] [id=18394]
  0x00007fc410001000 GCTaskThread "GC Thread#1" [stack: 0x00007fc41cb44000,0x00007fc41cc44000] [id=18409]
  0x00007fc410002800 GCTaskThread "GC Thread#2" [stack: 0x00007fc41ca42000,0x00007fc41cb42000] [id=18410]
  0x00007fc410068000 GCTaskThread "GC Thread#3" [stack: 0x00007fc41c83e000,0x00007fc41c93e000] [id=18414]
  0x00007fc444059800 ConcurrentGCThread "G1 Main Marker" [stack: 0x00007fc44860a000,0x00007fc44870a000] [id=18395]
  0x00007fc44405b000 ConcurrentGCThread "G1 Conc#0" [stack: 0x00007fc448508000,0x00007fc448608000] [id=18396]
  0x00007fc4440d3800 ConcurrentGCThread "G1 Refine#0" [stack: 0x00007fc448002000,0x00007fc448102000] [id=18397]
  0x00007fc414001000 ConcurrentGCThread "G1 Refine#1" [stack: 0x00007fc41c940000,0x00007fc41ca40000] [id=18412]
  0x00007fc4440d5000 ConcurrentGCThread "G1 Young RemSet Sampling" [stack: 0x00007fc42c856000,0x00007fc42c956000] [id=18398]

Threads with active compile tasks:
C2 CompilerThread0 633 % !   4       java.io.BufferedReader::readLine @ 131 (304 bytes)

VM state:at safepoint (normal execution)

VM Mutex/Monitor currently owned by a thread:  ([mutex/lock_event])
[0x00007fc44400e450] Threads_lock - owner thread: 0x00007fc444105800
[0x00007fc44400eba0] Heap_lock - owner thread: 0x00007fc444012000

Heap address: 0x0000000085000000, size: 1968 MB, Compressed Oops mode: 32-bit
Narrow klass base: 0x0000000800000000, Narrow klass shift: 3
Compressed class space size: 1073741824 Address: 0x0000000840000000

Heap:
 garbage-first heap   total 586752K, used 54468K [0x0000000085000000, 0x0000000100000000)
  region size 1024K, 9 young (9216K), 9 survivors (9216K)
 Metaspace       used 936K, capacity 4713K, committed 4864K, reserved 1056768K
  class space    used 74K, capacity 439K, committed 512K, reserved 1048576K
Heap Regions: E=young(eden), S=young(survivor), O=old, HS=humongous(starts), HC=humongous(continues), CS=collection set, F=free, A=archive, TAMS=top-at-mark-start (previous, next)
|   0|0x0000000085000000, 0x0000000085100000, 0x0000000085100000|100%| O|  |TAMS 0x0000000085000000, 0x0000000085000000| Untracked 
|   1|0x0000000085100000, 0x0000000085200000, 0x0000000085200000|100%| O|  |TAMS 0x0000000085100000, 0x0000000085100000| Untracked 
|   2|0x0000000085200000, 0x0000000085300000, 0x0000000085300000|100%| O|  |TAMS 0x0000000085200000, 0x0000000085200000| Untracked 
|   3|0x0000000085300000, 0x0000000085400000, 0x0000000085400000|100%| O|  |TAMS 0x0000000085300000, 0x0000000085300000| Untracked 
|   4|0x0000000085400000, 0x0000000085500000, 0x0000000085500000|100%| O|  |TAMS 0x0000000085400000, 0x0000000085400000| Untracked 
|   5|0x0000000085500000, 0x0000000085600000, 0x0000000085600000|100%| O|  |TAMS 0x0000000085500000, 0x0000000085500000| Untracked 
|   6|0x0000000085600000, 0x0000000085700000, 0x0000000085700000|100%| O|  |TAMS 0x0000000085600000, 0x0000000085600000| Untracked 
|   7|0x0000000085700000, 0x0000000085800000, 0x0000000085800000|100%| O|  |TAMS 0x0000000085700000, 0x0000000085700000| Untracked 
|   8|0x0000000085800000, 0x0000000085900000, 0x0000000085900000|100%| O|  |TAMS 0x0000000085800000, 0x0000000085800000| Untracked 
|   9|0x0000000085900000, 0x0000000085a00000, 0x0000000085a00000|100%| O|  |TAMS 0x0000000085900000, 0x0000000085900000| Untracked 
|  10|0x0000000085a00000, 0x0000000085b00000, 0x0000000085b00000|100%| O|  |TAMS 0x0000000085a00000, 0x0000000085a00000| Untracked 
|  11|0x0000000085b00000, 0x0000000085c00000, 0x0000000085c00000|100%| O|  |TAMS 0x0000000085b00000, 0x0000000085b00000| Untracked 
|  12|0x0000000085c00000, 0x0000000085d00000, 0x0000000085d00000|100%| O|  |TAMS 0x0000000085c00000, 0x0000000085c00000| Untracked 
|  13|0x0000000085d00000, 0x0000000085e00000, 0x0000000085e00000|100%| O|  |TAMS 0x0000000085d00000, 0x0000000085d00000| Untracked 
|  14|0x0000000085e00000, 0x0000000085f00000, 0x0000000085f00000|100%| O|  |TAMS 0x0000000085e00000, 0x0000000085e00000| Untracked 
|  15|0x0000000085f00000, 0x0000000086000000, 0x0000000086000000|100%| O|  |TAMS 0x0000000085f00000, 0x0000000085f00000| Untracked 
|  16|0x0000000086000000, 0x0000000086100000, 0x0000000086100000|100%| O|  |TAMS 0x0000000086000000, 0x0000000086000000| Untracked 
|  17|0x0000000086100000, 0x0000000086200000, 0x0000000086200000|100%| O|  |TAMS 0x0000000086100000, 0x0000000086100000| Untracked 
|  18|0x0000000086200000, 0x0000000086300000, 0x0000000086300000|100%| O|  |TAMS 0x0000000086200000, 0x0000000086200000| Untracked 
|  19|0x0000000086300000, 0x0000000086400000, 0x0000000086400000|100%| O|  |TAMS 0x0000000086300000, 0x0000000086300000| Untracked 
|  20|0x0000000086400000, 0x0000000086500000, 0x0000000086500000|100%| O|  |TAMS 0x0000000086400000, 0x0000000086400000| Untracked 
|  21|0x0000000086500000, 0x0000000086600000, 0x0000000086600000|100%| O|  |TAMS 0x0000000086500000, 0x0000000086500000| Untracked 
|  22|0x0000000086600000, 0x0000000086700000, 0x0000000086700000|100%| O|  |TAMS 0x0000000086600000, 0x0000000086600000| Untracked 
|  23|0x0000000086700000, 0x0000000086800000, 0x0000000086800000|100%| O|  |TAMS 0x0000000086700000, 0x0000000086700000| Untracked 
|  24|0x0000000086800000, 0x0000000086900000, 0x0000000086900000|100%| O|  |TAMS 0x0000000086800000, 0x0000000086800000| Untracked 
|  25|0x0000000086900000, 0x0000000086a00000, 0x0000000086a00000|100%| O|  |TAMS 0x0000000086900000, 0x0000000086900000| Untracked 
|  26|0x0000000086a00000, 0x0000000086b00000, 0x0000000086b00000|100%| O|  |TAMS 0x0000000086a00000, 0x0000000086a00000| Untracked 
|  27|0x0000000086b00000, 0x0000000086c00000, 0x0000000086c00000|100%| O|  |TAMS 0x0000000086b00000, 0x0000000086b00000| Untracked 
|  28|0x0000000086c00000, 0x0000000086d00000, 0x0000000086d00000|100%| O|  |TAMS 0x0000000086c00000, 0x0000000086c00000| Untracked 
|  29|0x0000000086d00000, 0x0000000086e00000, 0x0000000086e00000|100%| O|  |TAMS 0x0000000086d00000, 0x0000000086d00000| Untracked 
|  30|0x0000000086e00000, 0x0000000086f00000, 0x0000000086f00000|100%| O|  |TAMS 0x0000000086e00000, 0x0000000086e00000| Untracked 
|  31|0x0000000086f00000, 0x0000000087000000, 0x0000000087000000|100%| O|  |TAMS 0x0000000086f00000, 0x0000000086f00000| Untracked 
|  32|0x0000000087000000, 0x0000000087100000, 0x0000000087100000|100%| O|  |TAMS 0x0000000087000000, 0x0000000087000000| Untracked 
|  33|0x0000000087100000, 0x0000000087200000, 0x0000000087200000|100%| O|  |TAMS 0x0000000087100000, 0x0000000087100000| Untracked 
|  34|0x0000000087200000, 0x0000000087300000, 0x0000000087300000|100%| O|  |TAMS 0x0000000087200000, 0x0000000087200000| Untracked 
|  35|0x0000000087300000, 0x0000000087400000, 0x0000000087400000|100%| O|  |TAMS 0x0000000087300000, 0x0000000087300000| Untracked 
|  36|0x0000000087400000, 0x0000000087500000, 0x0000000087500000|100%| O|  |TAMS 0x0000000087400000, 0x0000000087400000| Untracked 
|  37|0x0000000087500000, 0x0000000087600000, 0x0000000087600000|100%| O|  |TAMS 0x0000000087500000, 0x0000000087500000| Untracked 
|  38|0x0000000087600000, 0x0000000087700000, 0x0000000087700000|100%| O|  |TAMS 0x0000000087600000, 0x0000000087600000| Untracked 
|  39|0x0000000087700000, 0x0000000087800000, 0x0000000087800000|100%| O|  |TAMS 0x0000000087700000, 0x0000000087700000| Untracked 
|  40|0x0000000087800000, 0x0000000087900000, 0x0000000087900000|100%| O|  |TAMS 0x0000000087800000, 0x0000000087800000| Untracked 
|  41|0x0000000087900000, 0x0000000087a00000, 0x0000000087a00000|100%| O|  |TAMS 0x0000000087900000, 0x0000000087900000| Untracked 
|  42|0x0000000087a00000, 0x0000000087b00000, 0x0000000087b00000|100%| O|  |TAMS 0x0000000087a00000, 0x0000000087a00000| Untracked 
|  43|0x0000000087b00000, 0x0000000087b93200, 0x0000000087c00000| 57%| O|  |TAMS 0x0000000087b00000, 0x0000000087b00000| Untracked 
|  44|0x0000000087c00000, 0x0000000087c00000, 0x0000000087d00000|  0%| F|  |TAMS 0x0000000087c00000, 0x0000000087c00000| Untracked 
|  45|0x0000000087d00000, 0x0000000087d00000, 0x0000000087e00000|  0%| F|  |TAMS 0x0000000087d00000, 0x0000000087d00000| Untracked 
|  46|0x0000000087e00000, 0x0000000087e00000, 0x0000000087f00000|  0%| F|  |TAMS 0x0000000087e00000, 0x0000000087e00000| Untracked 
|  47|0x0000000087f00000, 0x0000000087f00000, 0x0000000088000000|  0%| F|  |TAMS 0x0000000087f00000, 0x0000000087f00000| Untracked 
|  48|0x0000000088000000, 0x0000000088000000, 0x0000000088100000|  0%| F|  |TAMS 0x0000000088000000, 0x0000000088000000| Untracked 
|  49|0x0000000088100000, 0x0000000088100000, 0x0000000088200000|  0%| F|  |TAMS 0x0000000088100000, 0x0000000088100000| Untracked 
|  50|0x0000000088200000, 0x0000000088200000, 0x0000000088300000|  0%| F|  |TAMS 0x0000000088200000, 0x0000000088200000| Untracked 
|  51|0x0000000088300000, 0x0000000088300000, 0x0000000088400000|  0%| F|  |TAMS 0x0000000088300000, 0x0000000088300000| Untracked 
|  52|0x0000000088400000, 0x0000000088400000, 0x0000000088500000|  0%| F|  |TAMS 0x0000000088400000, 0x0000000088400000| Untracked 
|  53|0x0000000088500000, 0x0000000088500000, 0x0000000088600000|  0%| F|  |TAMS 0x0000000088500000, 0x0000000088500000| Untracked 
|  54|0x0000000088600000, 0x0000000088600000, 0x0000000088700000|  0%| F|  |TAMS 0x0000000088600000, 0x0000000088600000| Untracked 
|  55|0x0000000088700000, 0x0000000088700000, 0x0000000088800000|  0%| F|  |TAMS 0x0000000088700000, 0x0000000088700000| Untracked 
|  56|0x0000000088800000, 0x0000000088800000, 0x0000000088900000|  0%| F|  |TAMS 0x0000000088800000, 0x0000000088800000| Untracked 
|  57|0x0000000088900000, 0x0000000088900000, 0x0000000088a00000|  0%| F|  |TAMS 0x0000000088900000, 0x0000000088900000| Untracked 
|  58|0x0000000088a00000, 0x0000000088a00000, 0x0000000088b00000|  0%| F|  |TAMS 0x0000000088a00000, 0x0000000088a00000| Untracked 
|  59|0x0000000088b00000, 0x0000000088b00000, 0x0000000088c00000|  0%| F|  |TAMS 0x0000000088b00000, 0x0000000088b00000| Untracked 
|  60|0x0000000088c00000, 0x0000000088c00000, 0x0000000088d00000|  0%| F|  |TAMS 0x0000000088c00000, 0x0000000088c00000| Untracked 
|  61|0x0000000088d00000, 0x0000000088d00000, 0x0000000088e00000|  0%| F|  |TAMS 0x0000000088d00000, 0x0000000088d00000| Untracked 
|  62|0x0000000088e00000, 0x0000000088e00000, 0x0000000088f00000|  0%| F|  |TAMS 0x0000000088e00000, 0x0000000088e00000| Untracked 
|  63|0x0000000088f00000, 0x0000000088f00000, 0x0000000089000000|  0%| F|  |TAMS 0x0000000088f00000, 0x0000000088f00000| Untracked 
|  64|0x0000000089000000, 0x0000000089000000, 0x0000000089100000|  0%| F|  |TAMS 0x0000000089000000, 0x0000000089000000| Untracked 
|  65|0x0000000089100000, 0x0000000089100000, 0x0000000089200000|  0%| F|  |TAMS 0x0000000089100000, 0x0000000089100000| Untracked 
|  66|0x0000000089200000, 0x0000000089200000, 0x0000000089300000|  0%| F|  |TAMS 0x0000000089200000, 0x0000000089200000| Untracked 
|  67|0x0000000089300000, 0x0000000089300000, 0x0000000089400000|  0%| F|  |TAMS 0x0000000089300000, 0x0000000089300000| Untracked 
|  68|0x0000000089400000, 0x0000000089400000, 0x0000000089500000|  0%| F|  |TAMS 0x0000000089400000, 0x0000000089400000| Untracked 
|  69|0x0000000089500000, 0x0000000089500000, 0x0000000089600000|  0%| F|  |TAMS 0x0000000089500000, 0x0000000089500000| Untracked 
|  70|0x0000000089600000, 0x0000000089600000, 0x0000000089700000|  0%| F|  |TAMS 0x0000000089600000, 0x0000000089600000| Untracked 
|  71|0x0000000089700000, 0x0000000089700000, 0x0000000089800000|  0%| F|  |TAMS 0x0000000089700000, 0x0000000089700000| Untracked 
|  72|0x0000000089800000, 0x0000000089800000, 0x0000000089900000|  0%| F|  |TAMS 0x0000000089800000, 0x0000000089800000| Untracked 
|  73|0x0000000089900000, 0x0000000089900000, 0x0000000089a00000|  0%| F|  |TAMS 0x0000000089900000, 0x0000000089900000| Untracked 
|  74|0x0000000089a00000, 0x0000000089a00000, 0x0000000089b00000|  0%| F|  |TAMS 0x0000000089a00000, 0x0000000089a00000| Untracked 
|  75|0x0000000089b00000, 0x0000000089b00000, 0x0000000089c00000|  0%| F|  |TAMS 0x0000000089b00000, 0x0000000089b00000| Untracked 
|  76|0x0000000089c00000, 0x0000000089c00000, 0x0000000089d00000|  0%| F|  |TAMS 0x0000000089c00000, 0x0000000089c00000| Untracked 
|  77|0x0000000089d00000, 0x0000000089d00000, 0x0000000089e00000|  0%| F|  |TAMS 0x0000000089d00000, 0x0000000089d00000| Untracked 
|  78|0x0000000089e00000, 0x0000000089e00000, 0x0000000089f00000|  0%| F|  |TAMS 0x0000000089e00000, 0x0000000089e00000| Untracked 
|  79|0x0000000089f00000, 0x0000000089f00000, 0x000000008a000000|  0%| F|  |TAMS 0x0000000089f00000, 0x0000000089f00000| Untracked 
|  80|0x000000008a000000, 0x000000008a000000, 0x000000008a100000|  0%| F|  |TAMS 0x000000008a000000, 0x000000008a000000| Untracked 
|  81|0x000000008a100000, 0x000000008a100000, 0x000000008a200000|  0%| F|  |TAMS 0x000000008a100000, 0x000000008a100000| Untracked 
|  82|0x000000008a200000, 0x000000008a200000, 0x000000008a300000|  0%| F|  |TAMS 0x000000008a200000, 0x000000008a200000| Untracked 
|  83|0x000000008a300000, 0x000000008a300000, 0x000000008a400000|  0%| F|  |TAMS 0x000000008a300000, 0x000000008a300000| Untracked 
|  84|0x000000008a400000, 0x000000008a400000, 0x000000008a500000|  0%| F|  |TAMS 0x000000008a400000, 0x000000008a400000| Untracked 
|  85|0x000000008a500000, 0x000000008a500000, 0x000000008a600000|  0%| F|  |TAMS 0x000000008a500000, 0x000000008a500000| Untracked 
|  86|0x000000008a600000, 0x000000008a600000, 0x000000008a700000|  0%| F|  |TAMS 0x000000008a600000, 0x000000008a600000| Untracked 
|  87|0x000000008a700000, 0x000000008a700000, 0x000000008a800000|  0%| F|  |TAMS 0x000000008a700000, 0x000000008a700000| Untracked 
|  88|0x000000008a800000, 0x000000008a800000, 0x000000008a900000|  0%| F|  |TAMS 0x000000008a800000, 0x000000008a800000| Untracked 
|  89|0x000000008a900000, 0x000000008a900000, 0x000000008aa00000|  0%| F|  |TAMS 0x000000008a900000, 0x000000008a900000| Untracked 
|  90|0x000000008aa00000, 0x000000008aa00000, 0x000000008ab00000|  0%| F|  |TAMS 0x000000008aa00000, 0x000000008aa00000| Untracked 
|  91|0x000000008ab00000, 0x000000008ab00000, 0x000000008ac00000|  0%| F|  |TAMS 0x000000008ab00000, 0x000000008ab00000| Untracked 
|  92|0x000000008ac00000, 0x000000008ac00000, 0x000000008ad00000|  0%| F|  |TAMS 0x000000008ac00000, 0x000000008ac00000| Untracked 
|  93|0x000000008ad00000, 0x000000008ad00000, 0x000000008ae00000|  0%| F|  |TAMS 0x000000008ad00000, 0x000000008ad00000| Untracked 
|  94|0x000000008ae00000, 0x000000008ae00000, 0x000000008af00000|  0%| F|  |TAMS 0x000000008ae00000, 0x000000008ae00000| Untracked 
|  95|0x000000008af00000, 0x000000008af00000, 0x000000008b000000|  0%| F|  |TAMS 0x000000008af00000, 0x000000008af00000| Untracked 
|  96|0x000000008b000000, 0x000000008b000000, 0x000000008b100000|  0%| F|  |TAMS 0x000000008b000000, 0x000000008b000000| Untracked 
|  97|0x000000008b100000, 0x000000008b100000, 0x000000008b200000|  0%| F|  |TAMS 0x000000008b100000, 0x000000008b100000| Untracked 
|  98|0x000000008b200000, 0x000000008b200000, 0x000000008b300000|  0%| F|  |TAMS 0x000000008b200000, 0x000000008b200000| Untracked 
|  99|0x000000008b300000, 0x000000008b300000, 0x000000008b400000|  0%| F|  |TAMS 0x000000008b300000, 0x000000008b300000| Untracked 
| 100|0x000000008b400000, 0x000000008b400000, 0x000000008b500000|  0%| F|  |TAMS 0x000000008b400000, 0x000000008b400000| Untracked 
| 101|0x000000008b500000, 0x000000008b500000, 0x000000008b600000|  0%| F|  |TAMS 0x000000008b500000, 0x000000008b500000| Untracked 
| 102|0x000000008b600000, 0x000000008b600000, 0x000000008b700000|  0%| F|  |TAMS 0x000000008b600000, 0x000000008b600000| Untracked 
| 103|0x000000008b700000, 0x000000008b700000, 0x000000008b800000|  0%| F|  |TAMS 0x000000008b700000, 0x000000008b700000| Untracked 
| 104|0x000000008b800000, 0x000000008b800000, 0x000000008b900000|  0%| F|  |TAMS 0x000000008b800000, 0x000000008b800000| Untracked 
| 105|0x000000008b900000, 0x000000008b900000, 0x000000008ba00000|  0%| F|  |TAMS 0x000000008b900000, 0x000000008b900000| Untracked 
| 106|0x000000008ba00000, 0x000000008ba00000, 0x000000008bb00000|  0%| F|  |TAMS 0x000000008ba00000, 0x000000008ba00000| Untracked 
| 107|0x000000008bb00000, 0x000000008bb00000, 0x000000008bc00000|  0%| F|  |TAMS 0x000000008bb00000, 0x000000008bb00000| Untracked 
| 108|0x000000008bc00000, 0x000000008bc00000, 0x000000008bd00000|  0%| F|  |TAMS 0x000000008bc00000, 0x000000008bc00000| Untracked 
| 109|0x000000008bd00000, 0x000000008bd00000, 0x000000008be00000|  0%| F|  |TAMS 0x000000008bd00000, 0x000000008bd00000| Untracked 
| 110|0x000000008be00000, 0x000000008be00000, 0x000000008bf00000|  0%| F|  |TAMS 0x000000008be00000, 0x000000008be00000| Untracked 
| 111|0x000000008bf00000, 0x000000008bf00000, 0x000000008c000000|  0%| F|  |TAMS 0x000000008bf00000, 0x000000008bf00000| Untracked 
| 112|0x000000008c000000, 0x000000008c000000, 0x000000008c100000|  0%| F|  |TAMS 0x000000008c000000, 0x000000008c000000| Untracked 
| 113|0x000000008c100000, 0x000000008c100000, 0x000000008c200000|  0%| F|  |TAMS 0x000000008c100000, 0x000000008c100000| Untracked 
| 114|0x000000008c200000, 0x000000008c200000, 0x000000008c300000|  0%| F|  |TAMS 0x000000008c200000, 0x000000008c200000| Untracked 
| 115|0x000000008c300000, 0x000000008c300000, 0x000000008c400000|  0%| F|  |TAMS 0x000000008c300000, 0x000000008c300000| Untracked 
| 116|0x000000008c400000, 0x000000008c400000, 0x000000008c500000|  0%| F|  |TAMS 0x000000008c400000, 0x000000008c400000| Untracked 
| 117|0x000000008c500000, 0x000000008c500000, 0x000000008c600000|  0%| F|  |TAMS 0x000000008c500000, 0x000000008c500000| Untracked 
| 118|0x000000008c600000, 0x000000008c600000, 0x000000008c700000|  0%| F|  |TAMS 0x000000008c600000, 0x000000008c600000| Untracked 
| 119|0x000000008c700000, 0x000000008c700000, 0x000000008c800000|  0%| F|  |TAMS 0x000000008c700000, 0x000000008c700000| Untracked 
| 120|0x000000008c800000, 0x000000008c800000, 0x000000008c900000|  0%| F|  |TAMS 0x000000008c800000, 0x000000008c800000| Untracked 
| 121|0x000000008c900000, 0x000000008c900000, 0x000000008ca00000|  0%| F|  |TAMS 0x000000008c900000, 0x000000008c900000| Untracked 
| 122|0x000000008ca00000, 0x000000008ca00000, 0x000000008cb00000|  0%| F|  |TAMS 0x000000008ca00000, 0x000000008ca00000| Untracked 
| 123|0x000000008cb00000, 0x000000008cb00000, 0x000000008cc00000|  0%| F|  |TAMS 0x000000008cb00000, 0x000000008cb00000| Untracked 
| 124|0x000000008cc00000, 0x000000008cc00000, 0x000000008cd00000|  0%| F|  |TAMS 0x000000008cc00000, 0x000000008cc00000| Untracked 
| 125|0x000000008cd00000, 0x000000008cd00000, 0x000000008ce00000|  0%| F|  |TAMS 0x000000008cd00000, 0x000000008cd00000| Untracked 
| 126|0x000000008ce00000, 0x000000008ce00000, 0x000000008cf00000|  0%| F|  |TAMS 0x000000008ce00000, 0x000000008ce00000| Untracked 
| 127|0x000000008cf00000, 0x000000008cf00000, 0x000000008d000000|  0%| F|  |TAMS 0x000000008cf00000, 0x000000008cf00000| Untracked 
| 128|0x000000008d000000, 0x000000008d000000, 0x000000008d100000|  0%| F|  |TAMS 0x000000008d000000, 0x000000008d000000| Untracked 
| 129|0x000000008d100000, 0x000000008d100000, 0x000000008d200000|  0%| F|  |TAMS 0x000000008d100000, 0x000000008d100000| Untracked 
| 130|0x000000008d200000, 0x000000008d200000, 0x000000008d300000|  0%| F|  |TAMS 0x000000008d200000, 0x000000008d200000| Untracked 
| 131|0x000000008d300000, 0x000000008d300000, 0x000000008d400000|  0%| F|  |TAMS 0x000000008d300000, 0x000000008d300000| Untracked 
| 132|0x000000008d400000, 0x000000008d400000, 0x000000008d500000|  0%| F|  |TAMS 0x000000008d400000, 0x000000008d400000| Untracked 
| 133|0x000000008d500000, 0x000000008d500000, 0x000000008d600000|  0%| F|  |TAMS 0x000000008d500000, 0x000000008d500000| Untracked 
| 134|0x000000008d600000, 0x000000008d600000, 0x000000008d700000|  0%| F|  |TAMS 0x000000008d600000, 0x000000008d600000| Untracked 
| 135|0x000000008d700000, 0x000000008d700000, 0x000000008d800000|  0%| F|  |TAMS 0x000000008d700000, 0x000000008d700000| Untracked 
| 136|0x000000008d800000, 0x000000008d800000, 0x000000008d900000|  0%| F|  |TAMS 0x000000008d800000, 0x000000008d800000| Untracked 
| 137|0x000000008d900000, 0x000000008d900000, 0x000000008da00000|  0%| F|  |TAMS 0x000000008d900000, 0x000000008d900000| Untracked 
| 138|0x000000008da00000, 0x000000008da00000, 0x000000008db00000|  0%| F|  |TAMS 0x000000008da00000, 0x000000008da00000| Untracked 
| 139|0x000000008db00000, 0x000000008db00000, 0x000000008dc00000|  0%| F|  |TAMS 0x000000008db00000, 0x000000008db00000| Untracked 
| 140|0x000000008dc00000, 0x000000008dc00000, 0x000000008dd00000|  0%| F|  |TAMS 0x000000008dc00000, 0x000000008dc00000| Untracked 
| 141|0x000000008dd00000, 0x000000008dd00000, 0x000000008de00000|  0%| F|  |TAMS 0x000000008dd00000, 0x000000008dd00000| Untracked 
| 142|0x000000008de00000, 0x000000008de00000, 0x000000008df00000|  0%| F|  |TAMS 0x000000008de00000, 0x000000008de00000| Untracked 
| 143|0x000000008df00000, 0x000000008df00000, 0x000000008e000000|  0%| F|  |TAMS 0x000000008df00000, 0x000000008df00000| Untracked 
| 144|0x000000008e000000, 0x000000008e000000, 0x000000008e100000|  0%| F|  |TAMS 0x000000008e000000, 0x000000008e000000| Untracked 
| 145|0x000000008e100000, 0x000000008e100000, 0x000000008e200000|  0%| F|  |TAMS 0x000000008e100000, 0x000000008e100000| Untracked 
| 146|0x000000008e200000, 0x000000008e200000, 0x000000008e300000|  0%| F|  |TAMS 0x000000008e200000, 0x000000008e200000| Untracked 
| 147|0x000000008e300000, 0x000000008e300000, 0x000000008e400000|  0%| F|  |TAMS 0x000000008e300000, 0x000000008e300000| Untracked 
| 148|0x000000008e400000, 0x000000008e400000, 0x000000008e500000|  0%| F|  |TAMS 0x000000008e400000, 0x000000008e400000| Untracked 
| 149|0x000000008e500000, 0x000000008e500000, 0x000000008e600000|  0%| F|  |TAMS 0x000000008e500000, 0x000000008e500000| Untracked 
| 150|0x000000008e600000, 0x000000008e600000, 0x000000008e700000|  0%| F|  |TAMS 0x000000008e600000, 0x000000008e600000| Untracked 
| 151|0x000000008e700000, 0x000000008e700000, 0x000000008e800000|  0%| F|  |TAMS 0x000000008e700000, 0x000000008e700000| Untracked 
| 152|0x000000008e800000, 0x000000008e800000, 0x000000008e900000|  0%| F|  |TAMS 0x000000008e800000, 0x000000008e800000| Untracked 
| 153|0x000000008e900000, 0x000000008e900000, 0x000000008ea00000|  0%| F|  |TAMS 0x000000008e900000, 0x000000008e900000| Untracked 
| 154|0x000000008ea00000, 0x000000008ea00000, 0x000000008eb00000|  0%| F|  |TAMS 0x000000008ea00000, 0x000000008ea00000| Untracked 
| 155|0x000000008eb00000, 0x000000008eb00000, 0x000000008ec00000|  0%| F|  |TAMS 0x000000008eb00000, 0x000000008eb00000| Untracked 
| 156|0x000000008ec00000, 0x000000008ec00000, 0x000000008ed00000|  0%| F|  |TAMS 0x000000008ec00000, 0x000000008ec00000| Untracked 
| 157|0x000000008ed00000, 0x000000008ed00000, 0x000000008ee00000|  0%| F|  |TAMS 0x000000008ed00000, 0x000000008ed00000| Untracked 
| 158|0x000000008ee00000, 0x000000008ee00000, 0x000000008ef00000|  0%| F|  |TAMS 0x000000008ee00000, 0x000000008ee00000| Untracked 
| 159|0x000000008ef00000, 0x000000008ef00000, 0x000000008f000000|  0%| F|  |TAMS 0x000000008ef00000, 0x000000008ef00000| Untracked 
| 160|0x000000008f000000, 0x000000008f000000, 0x000000008f100000|  0%| F|  |TAMS 0x000000008f000000, 0x000000008f000000| Untracked 
| 161|0x000000008f100000, 0x000000008f100000, 0x000000008f200000|  0%| F|  |TAMS 0x000000008f100000, 0x000000008f100000| Untracked 
| 162|0x000000008f200000, 0x000000008f200000, 0x000000008f300000|  0%| F|  |TAMS 0x000000008f200000, 0x000000008f200000| Untracked 
| 163|0x000000008f300000, 0x000000008f300000, 0x000000008f400000|  0%| F|  |TAMS 0x000000008f300000, 0x000000008f300000| Untracked 
| 164|0x000000008f400000, 0x000000008f500000, 0x000000008f500000|100%| S|CS|TAMS 0x000000008f400000, 0x000000008f400000| Complete 
| 165|0x000000008f500000, 0x000000008f600000, 0x000000008f600000|100%| S|CS|TAMS 0x000000008f500000, 0x000000008f500000| Complete 
| 166|0x000000008f600000, 0x000000008f700000, 0x000000008f700000|100%| S|CS|TAMS 0x000000008f600000, 0x000000008f600000| Complete 
| 167|0x000000008f700000, 0x000000008f800000, 0x000000008f800000|100%| S|CS|TAMS 0x000000008f700000, 0x000000008f700000| Complete 
| 168|0x000000008f800000, 0x000000008f900000, 0x000000008f900000|100%| S|CS|TAMS 0x000000008f800000, 0x000000008f800000| Complete 
| 169|0x000000008f900000, 0x000000008fa00000, 0x000000008fa00000|100%| S|CS|TAMS 0x000000008f900000, 0x000000008f900000| Complete 
| 170|0x000000008fa00000, 0x000000008fb00000, 0x000000008fb00000|100%| S|CS|TAMS 0x000000008fa00000, 0x000000008fa00000| Complete 
| 171|0x000000008fb00000, 0x000000008fc00000, 0x000000008fc00000|100%| S|CS|TAMS 0x000000008fb00000, 0x000000008fb00000| Complete 
| 172|0x000000008fc00000, 0x000000008fd00000, 0x000000008fd00000|100%| S|CS|TAMS 0x000000008fc00000, 0x000000008fc00000| Complete 
| 173|0x000000008fd00000, 0x000000008fd00000, 0x000000008fe00000|  0%| F|  |TAMS 0x000000008fd00000, 0x000000008fd00000| Untracked 
| 174|0x000000008fe00000, 0x000000008fe00000, 0x000000008ff00000|  0%| F|  |TAMS 0x000000008fe00000, 0x000000008fe00000| Untracked 
| 175|0x000000008ff00000, 0x000000008ff00000, 0x0000000090000000|  0%| F|  |TAMS 0x000000008ff00000, 0x000000008ff00000| Untracked 
| 176|0x0000000090000000, 0x0000000090000000, 0x0000000090100000|  0%| F|  |TAMS 0x0000000090000000, 0x0000000090000000| Untracked 
| 177|0x0000000090100000, 0x0000000090100000, 0x0000000090200000|  0%| F|  |TAMS 0x0000000090100000, 0x0000000090100000| Untracked 
| 178|0x0000000090200000, 0x0000000090200000, 0x0000000090300000|  0%| F|  |TAMS 0x0000000090200000, 0x0000000090200000| Untracked 
| 179|0x0000000090300000, 0x0000000090300000, 0x0000000090400000|  0%| F|  |TAMS 0x0000000090300000, 0x0000000090300000| Untracked 
| 180|0x0000000090400000, 0x0000000090400000, 0x0000000090500000|  0%| F|  |TAMS 0x0000000090400000, 0x0000000090400000| Untracked 
| 181|0x0000000090500000, 0x0000000090500000, 0x0000000090600000|  0%| F|  |TAMS 0x0000000090500000, 0x0000000090500000| Untracked 
| 182|0x0000000090600000, 0x0000000090600000, 0x0000000090700000|  0%| F|  |TAMS 0x0000000090600000, 0x0000000090600000| Untracked 
| 183|0x0000000090700000, 0x0000000090700000, 0x0000000090800000|  0%| F|  |TAMS 0x0000000090700000, 0x0000000090700000| Untracked 
| 184|0x0000000090800000, 0x0000000090800000, 0x0000000090900000|  0%| F|  |TAMS 0x0000000090800000, 0x0000000090800000| Untracked 
| 185|0x0000000090900000, 0x0000000090900000, 0x0000000090a00000|  0%| F|  |TAMS 0x0000000090900000, 0x0000000090900000| Untracked 
| 186|0x0000000090a00000, 0x0000000090a00000, 0x0000000090b00000|  0%| F|  |TAMS 0x0000000090a00000, 0x0000000090a00000| Untracked 
| 187|0x0000000090b00000, 0x0000000090b00000, 0x0000000090c00000|  0%| F|  |TAMS 0x0000000090b00000, 0x0000000090b00000| Untracked 
| 188|0x0000000090c00000, 0x0000000090c00000, 0x0000000090d00000|  0%| F|  |TAMS 0x0000000090c00000, 0x0000000090c00000| Untracked 
| 189|0x0000000090d00000, 0x0000000090d00000, 0x0000000090e00000|  0%| F|  |TAMS 0x0000000090d00000, 0x0000000090d00000| Untracked 
| 190|0x0000000090e00000, 0x0000000090e00000, 0x0000000090f00000|  0%| F|  |TAMS 0x0000000090e00000, 0x0000000090e00000| Untracked 
| 191|0x0000000090f00000, 0x0000000090f00000, 0x0000000091000000|  0%| F|  |TAMS 0x0000000090f00000, 0x0000000090f00000| Untracked 
| 192|0x0000000091000000, 0x0000000091000000, 0x0000000091100000|  0%| F|  |TAMS 0x0000000091000000, 0x0000000091000000| Untracked 
| 193|0x0000000091100000, 0x0000000091100000, 0x0000000091200000|  0%| F|  |TAMS 0x0000000091100000, 0x0000000091100000| Untracked 
| 194|0x0000000091200000, 0x0000000091200000, 0x0000000091300000|  0%| F|  |TAMS 0x0000000091200000, 0x0000000091200000| Untracked 
| 195|0x0000000091300000, 0x0000000091300000, 0x0000000091400000|  0%| F|  |TAMS 0x0000000091300000, 0x0000000091300000| Untracked 
| 196|0x0000000091400000, 0x0000000091400000, 0x0000000091500000|  0%| F|  |TAMS 0x0000000091400000, 0x0000000091400000| Untracked 
| 197|0x0000000091500000, 0x0000000091500000, 0x0000000091600000|  0%| F|  |TAMS 0x0000000091500000, 0x0000000091500000| Untracked 
| 198|0x0000000091600000, 0x0000000091600000, 0x0000000091700000|  0%| F|  |TAMS 0x0000000091600000, 0x0000000091600000| Untracked 
| 199|0x0000000091700000, 0x0000000091700000, 0x0000000091800000|  0%| F|  |TAMS 0x0000000091700000, 0x0000000091700000| Untracked 
| 200|0x0000000091800000, 0x0000000091800000, 0x0000000091900000|  0%| F|  |TAMS 0x0000000091800000, 0x0000000091800000| Untracked 
| 201|0x0000000091900000, 0x0000000091900000, 0x0000000091a00000|  0%| F|  |TAMS 0x0000000091900000, 0x0000000091900000| Untracked 
| 202|0x0000000091a00000, 0x0000000091a00000, 0x0000000091b00000|  0%| F|  |TAMS 0x0000000091a00000, 0x0000000091a00000| Untracked 
| 203|0x0000000091b00000, 0x0000000091b00000, 0x0000000091c00000|  0%| F|  |TAMS 0x0000000091b00000, 0x0000000091b00000| Untracked 
| 204|0x0000000091c00000, 0x0000000091c00000, 0x0000000091d00000|  0%| F|  |TAMS 0x0000000091c00000, 0x0000000091c00000| Untracked 
| 205|0x0000000091d00000, 0x0000000091d00000, 0x0000000091e00000|  0%| F|  |TAMS 0x0000000091d00000, 0x0000000091d00000| Untracked 
| 206|0x0000000091e00000, 0x0000000091e00000, 0x0000000091f00000|  0%| F|  |TAMS 0x0000000091e00000, 0x0000000091e00000| Untracked 
| 207|0x0000000091f00000, 0x0000000091f00000, 0x0000000092000000|  0%| F|  |TAMS 0x0000000091f00000, 0x0000000091f00000| Untracked 
| 208|0x0000000092000000, 0x0000000092000000, 0x0000000092100000|  0%| F|  |TAMS 0x0000000092000000, 0x0000000092000000| Untracked 
| 209|0x0000000092100000, 0x0000000092100000, 0x0000000092200000|  0%| F|  |TAMS 0x0000000092100000, 0x0000000092100000| Untracked 
| 210|0x0000000092200000, 0x0000000092200000, 0x0000000092300000|  0%| F|  |TAMS 0x0000000092200000, 0x0000000092200000| Untracked 
| 211|0x0000000092300000, 0x0000000092300000, 0x0000000092400000|  0%| F|  |TAMS 0x0000000092300000, 0x0000000092300000| Untracked 
| 212|0x0000000092400000, 0x0000000092400000, 0x0000000092500000|  0%| F|  |TAMS 0x0000000092400000, 0x0000000092400000| Untracked 
| 213|0x0000000092500000, 0x0000000092500000, 0x0000000092600000|  0%| F|  |TAMS 0x0000000092500000, 0x0000000092500000| Untracked 
| 214|0x0000000092600000, 0x0000000092600000, 0x0000000092700000|  0%| F|  |TAMS 0x0000000092600000, 0x0000000092600000| Untracked 
| 215|0x0000000092700000, 0x0000000092700000, 0x0000000092800000|  0%| F|  |TAMS 0x0000000092700000, 0x0000000092700000| Untracked 
| 216|0x0000000092800000, 0x0000000092800000, 0x0000000092900000|  0%| F|  |TAMS 0x0000000092800000, 0x0000000092800000| Untracked 
| 217|0x0000000092900000, 0x0000000092900000, 0x0000000092a00000|  0%| F|  |TAMS 0x0000000092900000, 0x0000000092900000| Untracked 
| 218|0x0000000092a00000, 0x0000000092a00000, 0x0000000092b00000|  0%| F|  |TAMS 0x0000000092a00000, 0x0000000092a00000| Untracked 
| 219|0x0000000092b00000, 0x0000000092b00000, 0x0000000092c00000|  0%| F|  |TAMS 0x0000000092b00000, 0x0000000092b00000| Untracked 
| 220|0x0000000092c00000, 0x0000000092c00000, 0x0000000092d00000|  0%| F|  |TAMS 0x0000000092c00000, 0x0000000092c00000| Untracked 
| 221|0x0000000092d00000, 0x0000000092d00000, 0x0000000092e00000|  0%| F|  |TAMS 0x0000000092d00000, 0x0000000092d00000| Untracked 
| 222|0x0000000092e00000, 0x0000000092e00000, 0x0000000092f00000|  0%| F|  |TAMS 0x0000000092e00000, 0x0000000092e00000| Untracked 
| 223|0x0000000092f00000, 0x0000000092f00000, 0x0000000093000000|  0%| F|  |TAMS 0x0000000092f00000, 0x0000000092f00000| Untracked 
| 224|0x0000000093000000, 0x0000000093000000, 0x0000000093100000|  0%| F|  |TAMS 0x0000000093000000, 0x0000000093000000| Untracked 
| 225|0x0000000093100000, 0x0000000093100000, 0x0000000093200000|  0%| F|  |TAMS 0x0000000093100000, 0x0000000093100000| Untracked 
| 226|0x0000000093200000, 0x0000000093200000, 0x0000000093300000|  0%| F|  |TAMS 0x0000000093200000, 0x0000000093200000| Untracked 
| 227|0x0000000093300000, 0x0000000093300000, 0x0000000093400000|  0%| F|  |TAMS 0x0000000093300000, 0x0000000093300000| Untracked 
| 228|0x0000000093400000, 0x0000000093400000, 0x0000000093500000|  0%| F|  |TAMS 0x0000000093400000, 0x0000000093400000| Untracked 
| 229|0x0000000093500000, 0x0000000093500000, 0x0000000093600000|  0%| F|  |TAMS 0x0000000093500000, 0x0000000093500000| Untracked 
| 230|0x0000000093600000, 0x0000000093600000, 0x0000000093700000|  0%| F|  |TAMS 0x0000000093600000, 0x0000000093600000| Untracked 
| 231|0x0000000093700000, 0x0000000093700000, 0x0000000093800000|  0%| F|  |TAMS 0x0000000093700000, 0x0000000093700000| Untracked 
| 232|0x0000000093800000, 0x0000000093800000, 0x0000000093900000|  0%| F|  |TAMS 0x0000000093800000, 0x0000000093800000| Untracked 
| 233|0x0000000093900000, 0x0000000093900000, 0x0000000093a00000|  0%| F|  |TAMS 0x0000000093900000, 0x0000000093900000| Untracked 
| 234|0x0000000093a00000, 0x0000000093a00000, 0x0000000093b00000|  0%| F|  |TAMS 0x0000000093a00000, 0x0000000093a00000| Untracked 
| 235|0x0000000093b00000, 0x0000000093b00000, 0x0000000093c00000|  0%| F|  |TAMS 0x0000000093b00000, 0x0000000093b00000| Untracked 
| 236|0x0000000093c00000, 0x0000000093c00000, 0x0000000093d00000|  0%| F|  |TAMS 0x0000000093c00000, 0x0000000093c00000| Untracked 
| 237|0x0000000093d00000, 0x0000000093d00000, 0x0000000093e00000|  0%| F|  |TAMS 0x0000000093d00000, 0x0000000093d00000| Untracked 
| 238|0x0000000093e00000, 0x0000000093e00000, 0x0000000093f00000|  0%| F|  |TAMS 0x0000000093e00000, 0x0000000093e00000| Untracked 
| 239|0x0000000093f00000, 0x0000000093f00000, 0x0000000094000000|  0%| F|  |TAMS 0x0000000093f00000, 0x0000000093f00000| Untracked 
| 240|0x0000000094000000, 0x0000000094000000, 0x0000000094100000|  0%| F|  |TAMS 0x0000000094000000, 0x0000000094000000| Untracked 
| 241|0x0000000094100000, 0x0000000094100000, 0x0000000094200000|  0%| F|  |TAMS 0x0000000094100000, 0x0000000094100000| Untracked 
| 242|0x0000000094200000, 0x0000000094200000, 0x0000000094300000|  0%| F|  |TAMS 0x0000000094200000, 0x0000000094200000| Untracked 
| 243|0x0000000094300000, 0x0000000094300000, 0x0000000094400000|  0%| F|  |TAMS 0x0000000094300000, 0x0000000094300000| Untracked 
| 244|0x0000000094400000, 0x0000000094400000, 0x0000000094500000|  0%| F|  |TAMS 0x0000000094400000, 0x0000000094400000| Untracked 
|1966|0x00000000ffe00000, 0x00000000ffe34000, 0x00000000fff00000| 20%|OA|  |TAMS 0x00000000ffe00000, 0x00000000ffe00000| Untracked 
|1967|0x00000000fff00000, 0x00000000fff6a000, 0x0000000100000000| 41%|CA|  |TAMS 0x00000000fff00000, 0x00000000fff00000| Untracked 

Card table byte_map: [0x00007fc448ae2000,0x00007fc448eba000] _byte_map_base: 0x00007fc4486ba000

Marking Bits (Prev, Next): (CMBitMap*) 0x00007fc444050c88, (CMBitMap*) 0x00007fc444050cc0
 Prev Bits: [0x00007fc426140000, 0x00007fc428000000)
 Next Bits: [0x00007fc424280000, 0x00007fc426140000)

Polling page: 0x00007fc44d7bb000

Metaspace:

Usage:
  Non-class:      4,17 MB capacity,   861,42 KB ( 20%) used,     3,33 MB ( 80%) free+waste,     6,12 KB ( <1%) overhead. 
      Class:    439,00 KB capacity,    74,80 KB ( 17%) used,   360,83 KB ( 82%) free+waste,     3,38 KB ( <1%) overhead. 
       Both:      4,60 MB capacity,   936,22 KB ( 20%) used,     3,68 MB ( 80%) free+waste,     9,50 KB ( <1%) overhead. 

Virtual space:
  Non-class space:        8,00 MB reserved,       4,25 MB ( 53%) committed 
      Class space:        1,00 GB reserved,     512,00 KB ( <1%) committed 
             Both:        1,01 GB reserved,       4,75 MB ( <1%) committed 

Chunk freelists:
   Non-Class:  2,00 KB
       Class:  0 bytes
        Both:  2,00 KB

CodeHeap 'non-profiled nmethods': size=120032Kb used=358Kb max_used=358Kb free=119673Kb
 bounds [0x00007fc43441e000, 0x00007fc43468e000, 0x00007fc43b956000]
CodeHeap 'profiled nmethods': size=120032Kb used=1381Kb max_used=1381Kb free=118650Kb
 bounds [0x00007fc42cee6000, 0x00007fc42d156000, 0x00007fc43441e000]
CodeHeap 'non-nmethods': size=5696Kb used=1044Kb max_used=1080Kb free=4651Kb
 bounds [0x00007fc42c956000, 0x00007fc42cbc6000, 0x00007fc42cee6000]
 total_blobs=1117 nmethods=604 adapters=237
 compilation: enabled
              stopped_count=0, restarted_count=0
 full_count=0

Compilation events (10 events):
Event: 4,610 Thread 0x00007fc44411c000  629   !   2       java.nio.charset.CharsetDecoder::decode (287 bytes)
Event: 4,615 Thread 0x00007fc44411c000 nmethod 629 0x00007fc42d03bf90 code [0x00007fc42d03c1e0, 0x00007fc42d03c918]
Event: 4,615 Thread 0x00007fc44411c000  630       2       sun.nio.cs.UTF_8$Decoder::decodeLoop (28 bytes)
Event: 4,617 Thread 0x00007fc44411c000 nmethod 630 0x00007fc42d03cd10 code [0x00007fc42d03cee0, 0x00007fc42d03d118]
Event: 4,835 Thread 0x00007fc44411c000  632   !   3       java.io.BufferedReader::readLine (304 bytes)
Event: 4,841 Thread 0x00007fc44411c000 nmethod 632 0x00007fc42d03d210 code [0x00007fc42d03d520, 0x00007fc42d03eb88]
Event: 4,914 Thread 0x00007fc44411a000 nmethod 617% 0x00007fc43446e290 code [0x00007fc43446e700, 0x00007fc434474000]
Event: 4,914 Thread 0x00007fc44411a000  631 %     4       java.lang.AbstractStringBuilder::appendChars @ 26 (130 bytes)
Event: 4,940 Thread 0x00007fc44411a000 nmethod 631% 0x00007fc434477110 code [0x00007fc4344772e0, 0x00007fc4344777f8]
Event: 4,940 Thread 0x00007fc44411a000  633 % !   4       java.io.BufferedReader::readLine @ 131 (304 bytes)

GC Heap History (10 events):
Event: 1,576 GC heap after
{Heap after GC invocations=4 (full 0):
 garbage-first heap   total 129024K, used 15269K [0x0000000085000000, 0x0000000100000000)
  region size 1024K, 2 young (2048K), 2 survivors (2048K)
 Metaspace       used 621K, capacity 4617K, committed 4864K, reserved 1056768K
  class space    used 45K, capacity 405K, committed 512K, reserved 1048576K
}
Event: 2,113 GC heap before
{Heap before GC invocations=4 (full 0):
 garbage-first heap   total 129024K, used 36773K [0x0000000085000000, 0x0000000100000000)
  region size 1024K, 23 young (23552K), 2 survivors (2048K)
 Metaspace       used 708K, capacity 4651K, committed 4864K, reserved 1056768K
  class space    used 56K, capacity 418K, committed 512K, reserved 1048576K
}
Event: 2,176 GC heap after
{Heap after GC invocations=5 (full 0):
 garbage-first heap   total 252928K, used 22591K [0x0000000085000000, 0x0000000100000000)
  region size 1024K, 3 young (3072K), 3 survivors (3072K)
 Metaspace       used 708K, capacity 4651K, committed 4864K, reserved 1056768K
  class space    used 56K, capacity 418K, committed 512K, reserved 1048576K
}
Event: 2,640 GC heap before
{Heap before GC invocations=5 (full 0):
 garbage-first heap   total 252928K, used 50239K [0x0000000085000000, 0x0000000100000000)
  region size 1024K, 30 young (30720K), 3 survivors (3072K)
 Metaspace       used 708K, capacity 4651K, committed 4864K, reserved 1056768K
  class space    used 56K, capacity 418K, committed 512K, reserved 1048576K
}
Event: 2,785 GC heap after
{Heap after GC invocations=6 (full 0):
 garbage-first heap   total 252928K, used 31613K [0x0000000085000000, 0x0000000100000000)
  region size 1024K, 4 young (4096K), 4 survivors (4096K)
 Metaspace       used 708K, capacity 4651K, committed 4864K, reserved 1056768K
  class space    used 56K, capacity 418K, committed 512K, reserved 1048576K
}
Event: 3,431 GC heap before
{Heap before GC invocations=6 (full 0):
 garbage-first heap   total 252928K, used 60285K [0x0000000085000000, 0x0000000100000000)
  region size 1024K, 32 young (32768K), 4 survivors (4096K)
 Metaspace       used 892K, capacity 4713K, committed 4864K, reserved 1056768K
  class space    used 74K, capacity 439K, committed 512K, reserved 1048576K
}
Event: 3,486 GC heap after
{Heap after GC invocations=7 (full 0):
 garbage-first heap   total 252928K, used 34811K [0x0000000085000000, 0x0000000100000000)
  region size 1024K, 3 young (3072K), 3 survivors (3072K)
 Metaspace       used 892K, capacity 4713K, committed 4864K, reserved 1056768K
  class space    used 74K, capacity 439K, committed 512K, reserved 1048576K
}
Event: 4,016 GC heap before
{Heap before GC invocations=7 (full 0):
 garbage-first heap   total 252928K, used 69627K [0x0000000085000000, 0x0000000100000000)
  region size 1024K, 37 young (37888K), 3 survivors (3072K)
 Metaspace       used 928K, capacity 4713K, committed 4864K, reserved 1056768K
  class space    used 74K, capacity 439K, committed 512K, reserved 1048576K
}
Event: 4,047 GC heap after
{Heap after GC invocations=8 (full 0):
 garbage-first heap   total 252928K, used 41505K [0x0000000085000000, 0x0000000100000000)
  region size 1024K, 5 young (5120K), 5 survivors (5120K)
 Metaspace       used 928K, capacity 4713K, committed 4864K, reserved 1056768K
  class space    used 74K, capacity 439K, committed 512K, reserved 1048576K
}
Event: 4,953 GC heap before
{Heap before GC invocations=8 (full 0):
 garbage-first heap   total 252928K, used 110113K [0x0000000085000000, 0x0000000100000000)
  region size 1024K, 72 young (73728K), 5 survivors (5120K)
 Metaspace       used 936K, capacity 4713K, committed 4864K, reserved 1056768K
  class space    used 74K, capacity 439K, committed 512K, reserved 1048576K
}

Deoptimization events (10 events):
Event: 4,950 Thread 0x00007fc444012000 DEOPT PACKING pc=0x00007fc42cf19ebf sp=0x00007fc44d79e210
Event: 4,950 Thread 0x00007fc444012000 DEOPT UNPACKING pc=0x00007fc42c97e83a sp=0x00007fc44d79d7b8 mode 0
Event: 4,950 Thread 0x00007fc444012000 DEOPT PACKING pc=0x00007fc42cf1f44b sp=0x00007fc44d79e600
Event: 4,950 Thread 0x00007fc444012000 DEOPT UNPACKING pc=0x00007fc42c97e83a sp=0x00007fc44d79db30 mode 0
Event: 4,951 Thread 0x00007fc444012000 DEOPT PACKING pc=0x00007fc42cf19ebf sp=0x00007fc44d79e210
Event: 4,951 Thread 0x00007fc444012000 DEOPT UNPACKING pc=0x00007fc42c97e83a sp=0x00007fc44d79d7b8 mode 0
Event: 4,951 Thread 0x00007fc444012000 DEOPT PACKING pc=0x00007fc42cf1f44b sp=0x00007fc44d79e600
Event: 4,951 Thread 0x00007fc444012000 DEOPT UNPACKING pc=0x00007fc42c97e83a sp=0x00007fc44d79db30 mode 0
Event: 4,951 Thread 0x00007fc444012000 DEOPT PACKING pc=0x00007fc42cf19ebf sp=0x00007fc44d79e210
Event: 4,951 Thread 0x00007fc444012000 DEOPT UNPACKING pc=0x00007fc42c97e83a sp=0x00007fc44d79d7b8 mode 0

Classes redefined (0 events):
No events

Internal exceptions (4 events):
Event: 0,468 Thread 0x00007fc444012000 Exception <a 'java/lang/NoSuchMethodError'{0x000000008c9bcda0}: 'java.lang.Object java.lang.invoke.DirectMethodHandle$Holder.invokeStatic(java.lang.Object, java.lang.Object, java.lang.Object, java.lang.Object, java.lang.Object, java.lang.Object, java.lang
Event: 0,492 Thread 0x00007fc444012000 Exception <a 'java/lang/NoSuchMethodError'{0x000000008c9dc5b0}: 'java.lang.Object java.lang.invoke.DirectMethodHandle$Holder.invokeStatic(java.lang.Object, java.lang.Object, java.lang.Object, java.lang.Object, java.lang.Object, java.lang.Object, java.lang
Event: 0,520 Thread 0x00007fc444012000 Exception <a 'java/lang/NoSuchMethodError'{0x000000008c9fb968}: 'java.lang.Object java.lang.invoke.DirectMethodHandle$Holder.invokeStatic(java.lang.Object, java.lang.Object, java.lang.Object, java.lang.Object, java.lang.Object, java.lang.Object, java.lang
Event: 0,532 Thread 0x00007fc444012000 Exception <a 'java/lang/NoSuchMethodError'{0x000000008c8085e0}: 'java.lang.Object java.lang.invoke.Invokers$Holder.linkToTargetMethod(java.lang.Object, int, java.lang.Object)'> (0x000000008c8085e0) thrown at [/build/openjdk-lts-7bqZff/openjdk-lts-11.0.4+1

Events (10 events):
Event: 3,415 Executing VM operation: RevokeBias done
Event: 3,431 Executing VM operation: G1CollectForAllocation
Event: 3,486 Executing VM operation: G1CollectForAllocation done
Event: 3,681 loading class java/io/FileOutputStream$1
Event: 3,691 loading class java/io/FileOutputStream$1 done
Event: 3,798 Executing VM operation: RevokeBias
Event: 3,798 Executing VM operation: RevokeBias done
Event: 4,016 Executing VM operation: G1CollectForAllocation
Event: 4,047 Executing VM operation: G1CollectForAllocation done
Event: 4,953 Executing VM operation: G1CollectForAllocation


Dynamic libraries:
85000000-94500000 rw-p 00000000 00:00 0 
a8b00000-ffe00000 ---p 00000000 00:00 0 
ffe00000-ffe34000 rw-p 01116000 08:05 661432                             /usr/lib/jvm/java-11-openjdk-amd64/lib/server/classes.jsa
ffe34000-fff00000 rw-p 00000000 00:00 0 
fff00000-fff6a000 rw-p 010ac000 08:05 661432                             /usr/lib/jvm/java-11-openjdk-amd64/lib/server/classes.jsa
fff6a000-100000000 rw-p 00000000 00:00 0 
800000000-800002000 rwxp 00001000 08:05 661432                           /usr/lib/jvm/java-11-openjdk-amd64/lib/server/classes.jsa
800002000-8003bd000 rw-p 00003000 08:05 661432                           /usr/lib/jvm/java-11-openjdk-amd64/lib/server/classes.jsa
8003bd000-800a98000 r--p 003be000 08:05 661432                           /usr/lib/jvm/java-11-openjdk-amd64/lib/server/classes.jsa
800a98000-800a99000 rw-p 00a99000 08:05 661432                           /usr/lib/jvm/java-11-openjdk-amd64/lib/server/classes.jsa
800a99000-8010ab000 r--p 00a9a000 08:05 661432                           /usr/lib/jvm/java-11-openjdk-amd64/lib/server/classes.jsa
840000000-840080000 rw-p 00000000 00:00 0 
840080000-880000000 ---p 00000000 00:00 0 
5569f268a000-5569f268b000 r-xp 00000000 08:05 660721                     /usr/lib/jvm/java-11-openjdk-amd64/bin/java
5569f288b000-5569f288c000 r--p 00001000 08:05 660721                     /usr/lib/jvm/java-11-openjdk-amd64/bin/java
5569f288c000-5569f288d000 rw-p 00002000 08:05 660721                     /usr/lib/jvm/java-11-openjdk-amd64/bin/java
5569f3f08000-5569f3f29000 rw-p 00000000 00:00 0                          [heap]
7fc3d4000000-7fc3d4021000 rw-p 00000000 00:00 0 
7fc3d4021000-7fc3d8000000 ---p 00000000 00:00 0 
7fc3dc000000-7fc3dc021000 rw-p 00000000 00:00 0 
7fc3dc021000-7fc3e0000000 ---p 00000000 00:00 0 
7fc3e0000000-7fc3e0021000 rw-p 00000000 00:00 0 
7fc3e0021000-7fc3e4000000 ---p 00000000 00:00 0 
7fc3e4000000-7fc3e4021000 rw-p 00000000 00:00 0 
7fc3e4021000-7fc3e8000000 ---p 00000000 00:00 0 
7fc3e8000000-7fc3e8021000 rw-p 00000000 00:00 0 
7fc3e8021000-7fc3ec000000 ---p 00000000 00:00 0 
7fc3ec000000-7fc3ec021000 rw-p 00000000 00:00 0 
7fc3ec021000-7fc3f0000000 ---p 00000000 00:00 0 
7fc3f0000000-7fc3f0021000 rw-p 00000000 00:00 0 
7fc3f0021000-7fc3f4000000 ---p 00000000 00:00 0 
7fc3f4000000-7fc3f43da000 rw-p 00000000 00:00 0 
7fc3f43da000-7fc3f8000000 ---p 00000000 00:00 0 
7fc3f8000000-7fc3f8021000 rw-p 00000000 00:00 0 
7fc3f8021000-7fc3fc000000 ---p 00000000 00:00 0 
7fc3fc000000-7fc3fc021000 rw-p 00000000 00:00 0 
7fc3fc021000-7fc400000000 ---p 00000000 00:00 0 
7fc400000000-7fc400d97000 rw-p 00000000 00:00 0 
7fc400d97000-7fc404000000 ---p 00000000 00:00 0 
7fc404000000-7fc404021000 rw-p 00000000 00:00 0 
7fc404021000-7fc408000000 ---p 00000000 00:00 0 
7fc408000000-7fc408021000 rw-p 00000000 00:00 0 
7fc408021000-7fc40c000000 ---p 00000000 00:00 0 
7fc40c000000-7fc40c021000 rw-p 00000000 00:00 0 
7fc40c021000-7fc410000000 ---p 00000000 00:00 0 
7fc410000000-7fc410073000 rw-p 00000000 00:00 0 
7fc410073000-7fc414000000 ---p 00000000 00:00 0 
7fc414000000-7fc414021000 rw-p 00000000 00:00 0 
7fc414021000-7fc418000000 ---p 00000000 00:00 0 
7fc418000000-7fc418021000 rw-p 00000000 00:00 0 
7fc418021000-7fc41c000000 ---p 00000000 00:00 0 
7fc41c83c000-7fc41c83d000 ---p 00000000 00:00 0 
7fc41c83d000-7fc41c93e000 rw-p 00000000 00:00 0 
7fc41c93e000-7fc41c93f000 ---p 00000000 00:00 0 
7fc41c93f000-7fc41ca40000 rw-p 00000000 00:00 0 
7fc41ca40000-7fc41ca41000 ---p 00000000 00:00 0 
7fc41ca41000-7fc41cb42000 rw-p 00000000 00:00 0 
7fc41cb42000-7fc41cb43000 ---p 00000000 00:00 0 
7fc41cb43000-7fc41cc44000 rw-p 00000000 00:00 0 
7fc41cc44000-7fc41cc5a000 r-xp 00000000 08:05 660878                     /usr/lib/jvm/java-11-openjdk-amd64/lib/libnet.so
7fc41cc5a000-7fc41ce59000 ---p 00016000 08:05 660878                     /usr/lib/jvm/java-11-openjdk-amd64/lib/libnet.so
7fc41ce59000-7fc41ce5a000 r--p 00015000 08:05 660878                     /usr/lib/jvm/java-11-openjdk-amd64/lib/libnet.so
7fc41ce5a000-7fc41ce5b000 rw-p 00016000 08:05 660878                     /usr/lib/jvm/java-11-openjdk-amd64/lib/libnet.so
7fc41ce5b000-7fc41ce6b000 r-xp 00000000 08:05 660879                     /usr/lib/jvm/java-11-openjdk-amd64/lib/libnio.so
7fc41ce6b000-7fc41d06a000 ---p 00010000 08:05 660879                     /usr/lib/jvm/java-11-openjdk-amd64/lib/libnio.so
7fc41d06a000-7fc41d06b000 r--p 0000f000 08:05 660879                     /usr/lib/jvm/java-11-openjdk-amd64/lib/libnio.so
7fc41d06b000-7fc41d06c000 rw-p 00010000 08:05 660879                     /usr/lib/jvm/java-11-openjdk-amd64/lib/libnio.so
7fc41d06c000-7fc41d070000 ---p 00000000 00:00 0 
7fc41d070000-7fc41d16d000 rw-p 00000000 00:00 0 
7fc41d16d000-7fc41d16e000 ---p 00000000 00:00 0 
7fc41d16e000-7fc41d26f000 rw-p 00000000 00:00 0 
7fc41d26f000-7fc41d273000 ---p 00000000 00:00 0 
7fc41d273000-7fc41d370000 rw-p 00000000 00:00 0 
7fc41d370000-7fc41d374000 ---p 00000000 00:00 0 
7fc41d374000-7fc41d471000 rw-p 00000000 00:00 0 
7fc41d471000-7fc41d475000 ---p 00000000 00:00 0 
7fc41d475000-7fc41d572000 rw-p 00000000 00:00 0 
7fc41d572000-7fc41d576000 ---p 00000000 00:00 0 
7fc41d576000-7fc41d673000 rw-p 00000000 00:00 0 
7fc41d673000-7fc41d677000 ---p 00000000 00:00 0 
7fc41d677000-7fc41d774000 rw-p 00000000 00:00 0 
7fc41d774000-7fc41ddfe000 r--p 00000000 08:05 662325                     /usr/lib/locale/locale-archive
7fc41ddfe000-7fc41de02000 ---p 00000000 00:00 0 
7fc41de02000-7fc41deff000 rw-p 00000000 00:00 0 
7fc41deff000-7fc41df03000 ---p 00000000 00:00 0 
7fc41df03000-7fc420000000 rw-p 00000000 00:00 0 
7fc420000000-7fc420021000 rw-p 00000000 00:00 0 
7fc420021000-7fc424000000 ---p 00000000 00:00 0 
7fc4240a2000-7fc4240a3000 ---p 00000000 00:00 0 
7fc4240a3000-7fc424654000 rw-p 00000000 00:00 0 
7fc424654000-7fc426138000 ---p 00000000 00:00 0 
7fc426138000-7fc426514000 rw-p 00000000 00:00 0 
7fc426514000-7fc427ff8000 ---p 00000000 00:00 0 
7fc427ff8000-7fc428000000 rw-p 00000000 00:00 0 
7fc428000000-7fc428021000 rw-p 00000000 00:00 0 
7fc428021000-7fc42c000000 ---p 00000000 00:00 0 
7fc42c054000-7fc42c494000 rw-p 00000000 00:00 0 
7fc42c494000-7fc42c854000 ---p 00000000 00:00 0 
7fc42c854000-7fc42c855000 ---p 00000000 00:00 0 
7fc42c855000-7fc42c956000 rw-p 00000000 00:00 0 
7fc42c956000-7fc42cbc6000 rwxp 00000000 00:00 0 
7fc42cbc6000-7fc42cee6000 ---p 00000000 00:00 0 
7fc42cee6000-7fc42d156000 rwxp 00000000 00:00 0 
7fc42d156000-7fc43441e000 ---p 00000000 00:00 0 
7fc43441e000-7fc43468e000 rwxp 00000000 00:00 0 
7fc43468e000-7fc43b956000 ---p 00000000 00:00 0 
7fc43b956000-7fc444000000 r--s 00000000 08:05 660889                     /usr/lib/jvm/java-11-openjdk-amd64/lib/modules
7fc444000000-7fc44418c000 rw-p 00000000 00:00 0 
7fc44418c000-7fc448000000 ---p 00000000 00:00 0 
7fc448000000-7fc448001000 ---p 00000000 00:00 0 
7fc448001000-7fc448506000 rw-p 00000000 00:00 0 
7fc448506000-7fc448507000 ---p 00000000 00:00 0 
7fc448507000-7fc448608000 rw-p 00000000 00:00 0 
7fc448608000-7fc448609000 ---p 00000000 00:00 0 
7fc448609000-7fc448785000 rw-p 00000000 00:00 0 
7fc448785000-7fc448ae1000 ---p 00000000 00:00 0 
7fc448ae1000-7fc448b5d000 rw-p 00000000 00:00 0 
7fc448b5d000-7fc448eb9000 ---p 00000000 00:00 0 
7fc448eb9000-7fc448f35000 rw-p 00000000 00:00 0 
7fc448f35000-7fc449291000 ---p 00000000 00:00 0 
7fc449291000-7fc449696000 rw-p 00000000 00:00 0 
7fc449696000-7fc449697000 ---p 00000000 00:00 0 
7fc449697000-7fc44979d000 rw-p 00000000 00:00 0 
7fc44979d000-7fc449883000 ---p 00000000 00:00 0 
7fc449883000-7fc449888000 rw-p 00000000 00:00 0 
7fc449888000-7fc44996e000 ---p 00000000 00:00 0 
7fc44996e000-7fc449973000 r-xp 00000000 08:05 660870                     /usr/lib/jvm/java-11-openjdk-amd64/lib/libjimage.so
7fc449973000-7fc449b72000 ---p 00005000 08:05 660870                     /usr/lib/jvm/java-11-openjdk-amd64/lib/libjimage.so
7fc449b72000-7fc449b73000 r--p 00004000 08:05 660870                     /usr/lib/jvm/java-11-openjdk-amd64/lib/libjimage.so
7fc449b73000-7fc449b74000 rw-p 00005000 08:05 660870                     /usr/lib/jvm/java-11-openjdk-amd64/lib/libjimage.so
7fc449b74000-7fc449b7b000 r-xp 00000000 08:05 660888                     /usr/lib/jvm/java-11-openjdk-amd64/lib/libzip.so
7fc449b7b000-7fc449d7a000 ---p 00007000 08:05 660888                     /usr/lib/jvm/java-11-openjdk-amd64/lib/libzip.so
7fc449d7a000-7fc449d7b000 r--p 00006000 08:05 660888                     /usr/lib/jvm/java-11-openjdk-amd64/lib/libzip.so
7fc449d7b000-7fc449d7c000 rw-p 00007000 08:05 660888                     /usr/lib/jvm/java-11-openjdk-amd64/lib/libzip.so
7fc449d7c000-7fc449d87000 r-xp 00000000 08:05 6296680                    /lib/x86_64-linux-gnu/libnss_files-2.27.so
7fc449d87000-7fc449f86000 ---p 0000b000 08:05 6296680                    /lib/x86_64-linux-gnu/libnss_files-2.27.so
7fc449f86000-7fc449f87000 r--p 0000a000 08:05 6296680                    /lib/x86_64-linux-gnu/libnss_files-2.27.so
7fc449f87000-7fc449f88000 rw-p 0000b000 08:05 6296680                    /lib/x86_64-linux-gnu/libnss_files-2.27.so
7fc449f88000-7fc449f8e000 rw-p 00000000 00:00 0 
7fc449f8e000-7fc449fa5000 r-xp 00000000 08:05 6296674                    /lib/x86_64-linux-gnu/libnsl-2.27.so
7fc449fa5000-7fc44a1a4000 ---p 00017000 08:05 6296674                    /lib/x86_64-linux-gnu/libnsl-2.27.so
7fc44a1a4000-7fc44a1a5000 r--p 00016000 08:05 6296674                    /lib/x86_64-linux-gnu/libnsl-2.27.so
7fc44a1a5000-7fc44a1a6000 rw-p 00017000 08:05 6296674                    /lib/x86_64-linux-gnu/libnsl-2.27.so
7fc44a1a6000-7fc44a1a8000 rw-p 00000000 00:00 0 
7fc44a1a8000-7fc44a1b3000 r-xp 00000000 08:05 6296691                    /lib/x86_64-linux-gnu/libnss_nis-2.27.so
7fc44a1b3000-7fc44a3b2000 ---p 0000b000 08:05 6296691                    /lib/x86_64-linux-gnu/libnss_nis-2.27.so
7fc44a3b2000-7fc44a3b3000 r--p 0000a000 08:05 6296691                    /lib/x86_64-linux-gnu/libnss_nis-2.27.so
7fc44a3b3000-7fc44a3b4000 rw-p 0000b000 08:05 6296691                    /lib/x86_64-linux-gnu/libnss_nis-2.27.so
7fc44a3b4000-7fc44a3bc000 r-xp 00000000 08:05 6296676                    /lib/x86_64-linux-gnu/libnss_compat-2.27.so
7fc44a3bc000-7fc44a5bc000 ---p 00008000 08:05 6296676                    /lib/x86_64-linux-gnu/libnss_compat-2.27.so
7fc44a5bc000-7fc44a5bd000 r--p 00008000 08:05 6296676                    /lib/x86_64-linux-gnu/libnss_compat-2.27.so
7fc44a5bd000-7fc44a5be000 rw-p 00009000 08:05 6296676                    /lib/x86_64-linux-gnu/libnss_compat-2.27.so
7fc44a5be000-7fc44a5e7000 r-xp 00000000 08:05 660866                     /usr/lib/jvm/java-11-openjdk-amd64/lib/libjava.so
7fc44a5e7000-7fc44a7e6000 ---p 00029000 08:05 660866                     /usr/lib/jvm/java-11-openjdk-amd64/lib/libjava.so
7fc44a7e6000-7fc44a7e7000 r--p 00028000 08:05 660866                     /usr/lib/jvm/java-11-openjdk-amd64/lib/libjava.so
7fc44a7e7000-7fc44a7e9000 rw-p 00029000 08:05 660866                     /usr/lib/jvm/java-11-openjdk-amd64/lib/libjava.so
7fc44a7e9000-7fc44a7f6000 r-xp 00000000 08:05 660887                     /usr/lib/jvm/java-11-openjdk-amd64/lib/libverify.so
7fc44a7f6000-7fc44a9f5000 ---p 0000d000 08:05 660887                     /usr/lib/jvm/java-11-openjdk-amd64/lib/libverify.so
7fc44a9f5000-7fc44a9f7000 r--p 0000c000 08:05 660887                     /usr/lib/jvm/java-11-openjdk-amd64/lib/libverify.so
7fc44a9f7000-7fc44a9f8000 rw-p 0000e000 08:05 660887                     /usr/lib/jvm/java-11-openjdk-amd64/lib/libverify.so
7fc44a9f8000-7fc44a9ff000 r-xp 00000000 08:05 6296731                    /lib/x86_64-linux-gnu/librt-2.27.so
7fc44a9ff000-7fc44abfe000 ---p 00007000 08:05 6296731                    /lib/x86_64-linux-gnu/librt-2.27.so
7fc44abfe000-7fc44abff000 r--p 00006000 08:05 6296731                    /lib/x86_64-linux-gnu/librt-2.27.so
7fc44abff000-7fc44ac00000 rw-p 00007000 08:05 6296731                    /lib/x86_64-linux-gnu/librt-2.27.so
7fc44ac00000-7fc44ac17000 r-xp 00000000 08:05 6296627                    /lib/x86_64-linux-gnu/libgcc_s.so.1
7fc44ac17000-7fc44ae16000 ---p 00017000 08:05 6296627                    /lib/x86_64-linux-gnu/libgcc_s.so.1
7fc44ae16000-7fc44ae17000 r--p 00016000 08:05 6296627                    /lib/x86_64-linux-gnu/libgcc_s.so.1
7fc44ae17000-7fc44ae18000 rw-p 00017000 08:05 6296627                    /lib/x86_64-linux-gnu/libgcc_s.so.1
7fc44ae18000-7fc44afb5000 r-xp 00000000 08:05 6296653                    /lib/x86_64-linux-gnu/libm-2.27.so
7fc44afb5000-7fc44b1b4000 ---p 0019d000 08:05 6296653                    /lib/x86_64-linux-gnu/libm-2.27.so
7fc44b1b4000-7fc44b1b5000 r--p 0019c000 08:05 6296653                    /lib/x86_64-linux-gnu/libm-2.27.so
7fc44b1b5000-7fc44b1b6000 rw-p 0019d000 08:05 6296653                    /lib/x86_64-linux-gnu/libm-2.27.so
7fc44b1b6000-7fc44b32f000 r-xp 00000000 08:05 665498                     /usr/lib/x86_64-linux-gnu/libstdc++.so.6.0.25
7fc44b32f000-7fc44b52f000 ---p 00179000 08:05 665498                     /usr/lib/x86_64-linux-gnu/libstdc++.so.6.0.25
7fc44b52f000-7fc44b539000 r--p 00179000 08:05 665498                     /usr/lib/x86_64-linux-gnu/libstdc++.so.6.0.25
7fc44b539000-7fc44b53b000 rw-p 00183000 08:05 665498                     /usr/lib/x86_64-linux-gnu/libstdc++.so.6.0.25
7fc44b53b000-7fc44b53f000 rw-p 00000000 00:00 0 
7fc44b53f000-7fc44c60b000 r-xp 00000000 08:05 660894                     /usr/lib/jvm/java-11-openjdk-amd64/lib/server/libjvm.so
7fc44c60b000-7fc44c80a000 ---p 010cc000 08:05 660894                     /usr/lib/jvm/java-11-openjdk-amd64/lib/server/libjvm.so
7fc44c80a000-7fc44c8c7000 r--p 010cb000 08:05 660894                     /usr/lib/jvm/java-11-openjdk-amd64/lib/server/libjvm.so
7fc44c8c7000-7fc44c900000 rw-p 01188000 08:05 660894                     /usr/lib/jvm/java-11-openjdk-amd64/lib/server/libjvm.so
7fc44c900000-7fc44c956000 rw-p 00000000 00:00 0 
7fc44c956000-7fc44c970000 r-xp 00000000 08:05 6296723                    /lib/x86_64-linux-gnu/libpthread-2.27.so
7fc44c970000-7fc44cb6f000 ---p 0001a000 08:05 6296723                    /lib/x86_64-linux-gnu/libpthread-2.27.so
7fc44cb6f000-7fc44cb70000 r--p 00019000 08:05 6296723                    /lib/x86_64-linux-gnu/libpthread-2.27.so
7fc44cb70000-7fc44cb71000 rw-p 0001a000 08:05 6296723                    /lib/x86_64-linux-gnu/libpthread-2.27.so
7fc44cb71000-7fc44cb75000 rw-p 00000000 00:00 0 
7fc44cb75000-7fc44cb78000 r-xp 00000000 08:05 6296613                    /lib/x86_64-linux-gnu/libdl-2.27.so
7fc44cb78000-7fc44cd77000 ---p 00003000 08:05 6296613                    /lib/x86_64-linux-gnu/libdl-2.27.so
7fc44cd77000-7fc44cd78000 r--p 00002000 08:05 6296613                    /lib/x86_64-linux-gnu/libdl-2.27.so
7fc44cd78000-7fc44cd79000 rw-p 00003000 08:05 6296613                    /lib/x86_64-linux-gnu/libdl-2.27.so
7fc44cd79000-7fc44cd95000 r-xp 00000000 08:05 6296762                    /lib/x86_64-linux-gnu/libz.so.1.2.11
7fc44cd95000-7fc44cf94000 ---p 0001c000 08:05 6296762                    /lib/x86_64-linux-gnu/libz.so.1.2.11
7fc44cf94000-7fc44cf95000 r--p 0001b000 08:05 6296762                    /lib/x86_64-linux-gnu/libz.so.1.2.11
7fc44cf95000-7fc44cf96000 rw-p 0001c000 08:05 6296762                    /lib/x86_64-linux-gnu/libz.so.1.2.11
7fc44cf96000-7fc44d17d000 r-xp 00000000 08:05 6296590                    /lib/x86_64-linux-gnu/libc-2.27.so
7fc44d17d000-7fc44d37d000 ---p 001e7000 08:05 6296590                    /lib/x86_64-linux-gnu/libc-2.27.so
7fc44d37d000-7fc44d381000 r--p 001e7000 08:05 6296590                    /lib/x86_64-linux-gnu/libc-2.27.so
7fc44d381000-7fc44d383000 rw-p 001eb000 08:05 6296590                    /lib/x86_64-linux-gnu/libc-2.27.so
7fc44d383000-7fc44d387000 rw-p 00000000 00:00 0 
7fc44d387000-7fc44d397000 r-xp 00000000 08:05 660850                     /usr/lib/jvm/java-11-openjdk-amd64/lib/jli/libjli.so
7fc44d397000-7fc44d596000 ---p 00010000 08:05 660850                     /usr/lib/jvm/java-11-openjdk-amd64/lib/jli/libjli.so
7fc44d596000-7fc44d597000 r--p 0000f000 08:05 660850                     /usr/lib/jvm/java-11-openjdk-amd64/lib/jli/libjli.so
7fc44d597000-7fc44d598000 rw-p 00010000 08:05 660850                     /usr/lib/jvm/java-11-openjdk-amd64/lib/jli/libjli.so
7fc44d598000-7fc44d5bf000 r-xp 00000000 08:05 6296562                    /lib/x86_64-linux-gnu/ld-2.27.so
7fc44d5c2000-7fc44d69f000 rw-p 00000000 00:00 0 
7fc44d69f000-7fc44d6a3000 ---p 00000000 00:00 0 
7fc44d6a3000-7fc44d7a2000 rw-p 00000000 00:00 0 
7fc44d7a5000-7fc44d7aa000 rw-p 00000000 00:00 0 
7fc44d7aa000-7fc44d7b1000 ---p 00000000 00:00 0 
7fc44d7b1000-7fc44d7b3000 r--s 00007000 08:05 1055455                    /usr/share/java/java-atk-wrapper.jar
7fc44d7b3000-7fc44d7bb000 rw-s 00000000 08:05 2626930                    /tmp/hsperfdata_fatemeh/18392
7fc44d7bb000-7fc44d7bc000 ---p 00000000 00:00 0 
7fc44d7bc000-7fc44d7bd000 r--p 00000000 00:00 0 
7fc44d7bd000-7fc44d7bf000 rw-p 00000000 00:00 0 
7fc44d7bf000-7fc44d7c0000 r--p 00027000 08:05 6296562                    /lib/x86_64-linux-gnu/ld-2.27.so
7fc44d7c0000-7fc44d7c1000 rw-p 00028000 08:05 6296562                    /lib/x86_64-linux-gnu/ld-2.27.so
7fc44d7c1000-7fc44d7c2000 rw-p 00000000 00:00 0 
7ffdc23e0000-7ffdc2401000 rw-p 00000000 00:00 0                          [stack]
7ffdc240e000-7ffdc2411000 r--p 00000000 00:00 0                          [vvar]
7ffdc2411000-7ffdc2412000 r-xp 00000000 00:00 0                          [vdso]
ffffffffff600000-ffffffffff601000 r-xp 00000000 00:00 0                  [vsyscall]


VM Arguments:
java_command: Indexing
java_class_path (initial): .
Launcher Type: SUN_STANDARD

[Global flags]
     intx CICompilerCount                          = 3                                         {product} {ergonomic}
     uint ConcGCThreads                            = 1                                         {product} {ergonomic}
     uint G1ConcRefinementThreads                  = 4                                         {product} {ergonomic}
   size_t G1HeapRegionSize                         = 1048576                                   {product} {ergonomic}
    uintx GCDrainStackTargetSize                   = 64                                        {product} {ergonomic}
   size_t InitialHeapSize                          = 130023424                                 {product} {ergonomic}
   size_t MarkStackSize                            = 4194304                                   {product} {ergonomic}
   size_t MaxHeapSize                              = 2063597568                                {product} {ergonomic}
   size_t MaxNewSize                               = 1237319680                                {product} {ergonomic}
   size_t MinHeapDeltaBytes                        = 1048576                                   {product} {ergonomic}
    uintx NonNMethodCodeHeapSize                   = 5830092                                {pd product} {ergonomic}
    uintx NonProfiledCodeHeapSize                  = 122914074                              {pd product} {ergonomic}
    uintx ProfiledCodeHeapSize                     = 122914074                              {pd product} {ergonomic}
    uintx ReservedCodeCacheSize                    = 251658240                              {pd product} {ergonomic}
     bool SegmentedCodeCache                       = true                                      {product} {ergonomic}
     bool UseCompressedClassPointers               = true                                 {lp64_product} {ergonomic}
     bool UseCompressedOops                        = true                                 {lp64_product} {ergonomic}
     bool UseG1GC                                  = true                                      {product} {ergonomic}

Logging:
Log output configuration:
 #0: stdout all=warning uptime,level,tags
 #1: stderr all=off uptime,level,tags

Environment Variables:
PATH=/usr/local/sbin:/usr/local/bin:/usr/sbin:/usr/bin:/sbin:/bin:/usr/games:/usr/local/games:/snap/bin
SHELL=/bin/bash
DISPLAY=:0

Signal Handlers:
SIGSEGV: [libjvm.so+0xde5f50], sa_mask[0]=11111111011111111101111111111110, sa_flags=SA_RESTART|SA_SIGINFO
SIGBUS: [libjvm.so+0xde5f50], sa_mask[0]=11111111011111111101111111111110, sa_flags=SA_RESTART|SA_SIGINFO
SIGFPE: [libjvm.so+0xde5f50], sa_mask[0]=11111111011111111101111111111110, sa_flags=SA_RESTART|SA_SIGINFO
SIGPIPE: [libjvm.so+0xbba5b0], sa_mask[0]=11111111011111111101111111111110, sa_flags=SA_RESTART|SA_SIGINFO
SIGXFSZ: [libjvm.so+0xbba5b0], sa_mask[0]=11111111011111111101111111111110, sa_flags=SA_RESTART|SA_SIGINFO
SIGILL: [libjvm.so+0xde5f50], sa_mask[0]=11111111011111111101111111111110, sa_flags=SA_RESTART|SA_SIGINFO
SIGUSR2: [libjvm.so+0xbba450], sa_mask[0]=00000000000000000000000000000000, sa_flags=SA_RESTART|SA_SIGINFO
SIGHUP: [libjvm.so+0xbba7b0], sa_mask[0]=11111111011111111101111111111110, sa_flags=SA_RESTART|SA_SIGINFO
SIGINT: [libjvm.so+0xbba7b0], sa_mask[0]=11111111011111111101111111111110, sa_flags=SA_RESTART|SA_SIGINFO
SIGTERM: [libjvm.so+0xbba7b0], sa_mask[0]=11111111011111111101111111111110, sa_flags=SA_RESTART|SA_SIGINFO
SIGQUIT: [libjvm.so+0xbba7b0], sa_mask[0]=11111111011111111101111111111110, sa_flags=SA_RESTART|SA_SIGINFO


---------------  S Y S T E M  ---------------

OS:DISTRIB_ID=Ubuntu
DISTRIB_RELEASE=18.04
DISTRIB_CODENAME=bionic
DISTRIB_DESCRIPTION="Ubuntu 18.04.3 LTS"
uname:Linux 5.0.0-29-generic #31~18.04.1-Ubuntu SMP Thu Sep 12 18:29:21 UTC 2019 x86_64
libc:glibc 2.27 NPTL 2.27 
rlimit: STACK 8192k, CORE 0k, NPROC 31284, NOFILE 4096, AS infinity, DATA infinity, FSIZE infinity
load average:3,90 2,87 2,39

/proc/meminfo:
MemTotal:        8056592 kB
MemFree:          114432 kB
MemAvailable:      50492 kB
Buffers:             788 kB
Cached:          1465740 kB
SwapCached:        45460 kB
Active:          6466916 kB
Inactive:         961924 kB
Active(anon):    6421220 kB
Inactive(anon):   917032 kB
Active(file):      45696 kB
Inactive(file):    44892 kB
Unevictable:       65792 kB
Mlocked:              64 kB
SwapTotal:       2097148 kB
SwapFree:              0 kB
Dirty:               444 kB
Writeback:             0 kB
AnonPages:       5983136 kB
Mapped:           395528 kB
Shmem:           1375868 kB
KReclaimable:      61960 kB
Slab:             173800 kB
SReclaimable:      61960 kB
SUnreclaim:       111840 kB
KernelStack:       23184 kB
PageTables:       134868 kB
NFS_Unstable:          0 kB
Bounce:                0 kB
WritebackTmp:          0 kB
CommitLimit:     6125444 kB
Committed_AS:   23899676 kB
VmallocTotal:   34359738367 kB
VmallocUsed:           0 kB
VmallocChunk:          0 kB
Percpu:             1168 kB
HardwareCorrupted:     0 kB
AnonHugePages:         0 kB
ShmemHugePages:        0 kB
ShmemPmdMapped:        0 kB
CmaTotal:              0 kB
CmaFree:               0 kB
HugePages_Total:       0
HugePages_Free:        0
HugePages_Rsvd:        0
HugePages_Surp:        0
Hugepagesize:       2048 kB
Hugetlb:               0 kB
DirectMap4k:      691796 kB
DirectMap2M:     7587840 kB
DirectMap1G:           0 kB


/proc/sys/kernel/threads-max (system-wide limit on the number of threads):
62568


/proc/sys/vm/max_map_count (maximum number of memory map areas a process may have):
65530


/proc/sys/kernel/pid_max (system-wide limit on number of process identifiers):
32768



container (cgroup) information:
container_type: cgroupv1
cpu_cpuset_cpus: 0-3
cpu_memory_nodes: 0
active_processor_count: 4
cpu_quota: -1
cpu_period: 100000
cpu_shares: -1
memory_limit_in_bytes: -1
memory_and_swap_limit_in_bytes: -2
memory_soft_limit_in_bytes: -1
memory_usage_in_bytes: 7674052608
memory_max_usage_in_bytes: 5767041024

Steal ticks since vm start: 0
Steal ticks percentage since vm start:  0,000

CPU:total 4 (initial active 4) (2 cores per cpu, 2 threads per core) family 6 model 78 stepping 3, cmov, cx8, fxsr, mmx, sse, sse2, sse3, ssse3, sse4.1, sse4.2, popcnt, avx, avx2, aes, clmul, erms, 3dnowpref, lzcnt, ht, tsc, tscinvbit, bmi1, bmi2, adx, fma
CPU Model and flags from /proc/cpuinfo:
model name	: Intel(R) Core(TM) i7-6500U CPU @ 2.50GHz
flags		: fpu vme de pse tsc msr pae mce cx8 apic sep mtrr pge mca cmov pat pse36 clflush dts acpi mmx fxsr sse sse2 ss ht tm pbe syscall nx pdpe1gb rdtscp lm constant_tsc art arch_perfmon pebs bts rep_good nopl xtopology nonstop_tsc cpuid aperfmperf tsc_known_freq pni pclmulqdq dtes64 monitor ds_cpl vmx est tm2 ssse3 sdbg fma cx16 xtpr pdcm pcid sse4_1 sse4_2 x2apic movbe popcnt tsc_deadline_timer aes xsave avx f16c rdrand lahf_lm abm 3dnowprefetch cpuid_fault epb invpcid_single pti ssbd ibrs ibpb stibp tpr_shadow vnmi flexpriority ept vpid ept_ad fsgsbase tsc_adjust bmi1 avx2 smep bmi2 erms invpcid mpx rdseed adx smap clflushopt intel_pt xsaveopt xsavec xgetbv1 xsaves dtherm ida arat pln pts hwp hwp_notify hwp_act_window hwp_epp md_clear flush_l1d

Memory: 4k page, physical 8056592k(115944k free), swap 2097148k(0k free)

vm_info: OpenJDK 64-Bit Server VM (11.0.4+11-post-Ubuntu-1ubuntu218.04.3) for linux-amd64 JRE (11.0.4+11-post-Ubuntu-1ubuntu218.04.3), built on Jul 18 2019 18:21:46 by "buildd" with gcc 7.4.0

END.
